
AVRASM ver. 2.1.30  E:\1shanbe\Session9\Debug\List\qninetwo.asm Sun Apr 24 18:28:05 2016

E:\1shanbe\Session9\Debug\List\qninetwo.asm(1088): warning: Register r5 already defined by the .DEF directive
E:\1shanbe\Session9\Debug\List\qninetwo.asm(1089): warning: Register r4 already defined by the .DEF directive
E:\1shanbe\Session9\Debug\List\qninetwo.asm(1090): warning: Register r7 already defined by the .DEF directive
                 
                 
                 ;CodeVisionAVR C Compiler V3.12 Advanced
                 ;(C) Copyright 1998-2014 Pavel Haiduc, HP InfoTech s.r.l.
                 ;http://www.hpinfotech.com
                 
                 ;Build configuration    : Debug
                 ;Chip type              : ATmega32
                 ;Program type           : Application
                 ;Clock frequency        : 8.000000 MHz
                 ;Memory model           : Small
                 ;Optimize for           : Size
                 ;(s)printf features     : int, width
                 ;(s)scanf features      : int, width
                 ;External RAM size      : 0
                 ;Data Stack size        : 512 byte(s)
                 ;Heap size              : 0 byte(s)
                 ;Promote 'char' to 'int': Yes
                 ;'char' is unsigned     : Yes
                 ;8 bit enums            : Yes
                 ;Global 'const' stored in FLASH: Yes
                 ;Enhanced function parameter passing: Yes
                 ;Enhanced core instructions: On
                 ;Automatic register allocation for global variables: On
                 ;Smart register allocation: On
                 
                 	#define _MODEL_SMALL_
                 
                 	#pragma AVRPART ADMIN PART_NAME ATmega32
                 	#pragma AVRPART MEMORY PROG_FLASH 32768
                 	#pragma AVRPART MEMORY EEPROM 1024
                 	#pragma AVRPART MEMORY INT_SRAM SIZE 2048
                 	#pragma AVRPART MEMORY INT_SRAM START_ADDR 0x60
                 
                 	#define CALL_SUPPORTED 1
                 
                 	.LISTMAC
                 	.EQU UDRE=0x5
                 	.EQU RXC=0x7
                 	.EQU USR=0xB
                 	.EQU UDR=0xC
                 	.EQU SPSR=0xE
                 	.EQU SPDR=0xF
                 	.EQU EERE=0x0
                 	.EQU EEWE=0x1
                 	.EQU EEMWE=0x2
                 	.EQU EECR=0x1C
                 	.EQU EEDR=0x1D
                 	.EQU EEARL=0x1E
                 	.EQU EEARH=0x1F
                 	.EQU WDTCR=0x21
                 	.EQU MCUCR=0x35
                 	.EQU GICR=0x3B
                 	.EQU SPL=0x3D
                 	.EQU SPH=0x3E
                 	.EQU SREG=0x3F
                 
                 	.DEF R0X0=R0
                 	.DEF R0X1=R1
                 	.DEF R0X2=R2
                 	.DEF R0X3=R3
                 	.DEF R0X4=R4
                 	.DEF R0X5=R5
                 	.DEF R0X6=R6
                 	.DEF R0X7=R7
                 	.DEF R0X8=R8
                 	.DEF R0X9=R9
                 	.DEF R0XA=R10
                 	.DEF R0XB=R11
                 	.DEF R0XC=R12
                 	.DEF R0XD=R13
                 	.DEF R0XE=R14
                 	.DEF R0XF=R15
                 	.DEF R0X10=R16
                 	.DEF R0X11=R17
                 	.DEF R0X12=R18
                 	.DEF R0X13=R19
                 	.DEF R0X14=R20
                 	.DEF R0X15=R21
                 	.DEF R0X16=R22
                 	.DEF R0X17=R23
                 	.DEF R0X18=R24
                 	.DEF R0X19=R25
                 	.DEF R0X1A=R26
                 	.DEF R0X1B=R27
                 	.DEF R0X1C=R28
                 	.DEF R0X1D=R29
                 	.DEF R0X1E=R30
                 	.DEF R0X1F=R31
                 
                 	.EQU __SRAM_START=0x0060
                 	.EQU __SRAM_END=0x085F
                 	.EQU __DSTACK_SIZE=0x0200
                 	.EQU __HEAP_SIZE=0x0000
                 	.EQU __CLEAR_SRAM_SIZE=__SRAM_END-__SRAM_START+1
                 
                 	.MACRO __CPD1N
                 	CPI  R30,LOW(@0)
                 	LDI  R26,HIGH(@0)
                 	CPC  R31,R26
                 	LDI  R26,BYTE3(@0)
                 	CPC  R22,R26
                 	LDI  R26,BYTE4(@0)
                 	CPC  R23,R26
                 	.ENDM
                 
                 	.MACRO __CPD2N
                 	CPI  R26,LOW(@0)
                 	LDI  R30,HIGH(@0)
                 	CPC  R27,R30
                 	LDI  R30,BYTE3(@0)
                 	CPC  R24,R30
                 	LDI  R30,BYTE4(@0)
                 	CPC  R25,R30
                 	.ENDM
                 
                 	.MACRO __CPWRR
                 	CP   R@0,R@2
                 	CPC  R@1,R@3
                 	.ENDM
                 
                 	.MACRO __CPWRN
                 	CPI  R@0,LOW(@2)
                 	LDI  R30,HIGH(@2)
                 	CPC  R@1,R30
                 	.ENDM
                 
                 	.MACRO __ADDB1MN
                 	SUBI R30,LOW(-@0-(@1))
                 	.ENDM
                 
                 	.MACRO __ADDB2MN
                 	SUBI R26,LOW(-@0-(@1))
                 	.ENDM
                 
                 	.MACRO __ADDW1MN
                 	SUBI R30,LOW(-@0-(@1))
                 	SBCI R31,HIGH(-@0-(@1))
                 	.ENDM
                 
                 	.MACRO __ADDW2MN
                 	SUBI R26,LOW(-@0-(@1))
                 	SBCI R27,HIGH(-@0-(@1))
                 	.ENDM
                 
                 	.MACRO __ADDW1FN
                 	SUBI R30,LOW(-2*@0-(@1))
                 	SBCI R31,HIGH(-2*@0-(@1))
                 	.ENDM
                 
                 	.MACRO __ADDD1FN
                 	SUBI R30,LOW(-2*@0-(@1))
                 	SBCI R31,HIGH(-2*@0-(@1))
                 	SBCI R22,BYTE3(-2*@0-(@1))
                 	.ENDM
                 
                 	.MACRO __ADDD1N
                 	SUBI R30,LOW(-@0)
                 	SBCI R31,HIGH(-@0)
                 	SBCI R22,BYTE3(-@0)
                 	SBCI R23,BYTE4(-@0)
                 	.ENDM
                 
                 	.MACRO __ADDD2N
                 	SUBI R26,LOW(-@0)
                 	SBCI R27,HIGH(-@0)
                 	SBCI R24,BYTE3(-@0)
                 	SBCI R25,BYTE4(-@0)
                 	.ENDM
                 
                 	.MACRO __SUBD1N
                 	SUBI R30,LOW(@0)
                 	SBCI R31,HIGH(@0)
                 	SBCI R22,BYTE3(@0)
                 	SBCI R23,BYTE4(@0)
                 	.ENDM
                 
                 	.MACRO __SUBD2N
                 	SUBI R26,LOW(@0)
                 	SBCI R27,HIGH(@0)
                 	SBCI R24,BYTE3(@0)
                 	SBCI R25,BYTE4(@0)
                 	.ENDM
                 
                 	.MACRO __ANDBMNN
                 	LDS  R30,@0+(@1)
                 	ANDI R30,LOW(@2)
                 	STS  @0+(@1),R30
                 	.ENDM
                 
                 	.MACRO __ANDWMNN
                 	LDS  R30,@0+(@1)
                 	ANDI R30,LOW(@2)
                 	STS  @0+(@1),R30
                 	LDS  R30,@0+(@1)+1
                 	ANDI R30,HIGH(@2)
                 	STS  @0+(@1)+1,R30
                 	.ENDM
                 
                 	.MACRO __ANDD1N
                 	ANDI R30,LOW(@0)
                 	ANDI R31,HIGH(@0)
                 	ANDI R22,BYTE3(@0)
                 	ANDI R23,BYTE4(@0)
                 	.ENDM
                 
                 	.MACRO __ANDD2N
                 	ANDI R26,LOW(@0)
                 	ANDI R27,HIGH(@0)
                 	ANDI R24,BYTE3(@0)
                 	ANDI R25,BYTE4(@0)
                 	.ENDM
                 
                 	.MACRO __ORBMNN
                 	LDS  R30,@0+(@1)
                 	ORI  R30,LOW(@2)
                 	STS  @0+(@1),R30
                 	.ENDM
                 
                 	.MACRO __ORWMNN
                 	LDS  R30,@0+(@1)
                 	ORI  R30,LOW(@2)
                 	STS  @0+(@1),R30
                 	LDS  R30,@0+(@1)+1
                 	ORI  R30,HIGH(@2)
                 	STS  @0+(@1)+1,R30
                 	.ENDM
                 
                 	.MACRO __ORD1N
                 	ORI  R30,LOW(@0)
                 	ORI  R31,HIGH(@0)
                 	ORI  R22,BYTE3(@0)
                 	ORI  R23,BYTE4(@0)
                 	.ENDM
                 
                 	.MACRO __ORD2N
                 	ORI  R26,LOW(@0)
                 	ORI  R27,HIGH(@0)
                 	ORI  R24,BYTE3(@0)
                 	ORI  R25,BYTE4(@0)
                 	.ENDM
                 
                 	.MACRO __DELAY_USB
                 	LDI  R24,LOW(@0)
                 __DELAY_USB_LOOP:
                 	DEC  R24
                 	BRNE __DELAY_USB_LOOP
                 	.ENDM
                 
                 	.MACRO __DELAY_USW
                 	LDI  R24,LOW(@0)
                 	LDI  R25,HIGH(@0)
                 __DELAY_USW_LOOP:
                 	SBIW R24,1
                 	BRNE __DELAY_USW_LOOP
                 	.ENDM
                 
                 	.MACRO __GETD1S
                 	LDD  R30,Y+@0
                 	LDD  R31,Y+@0+1
                 	LDD  R22,Y+@0+2
                 	LDD  R23,Y+@0+3
                 	.ENDM
                 
                 	.MACRO __GETD2S
                 	LDD  R26,Y+@0
                 	LDD  R27,Y+@0+1
                 	LDD  R24,Y+@0+2
                 	LDD  R25,Y+@0+3
                 	.ENDM
                 
                 	.MACRO __PUTD1S
                 	STD  Y+@0,R30
                 	STD  Y+@0+1,R31
                 	STD  Y+@0+2,R22
                 	STD  Y+@0+3,R23
                 	.ENDM
                 
                 	.MACRO __PUTD2S
                 	STD  Y+@0,R26
                 	STD  Y+@0+1,R27
                 	STD  Y+@0+2,R24
                 	STD  Y+@0+3,R25
                 	.ENDM
                 
                 	.MACRO __PUTDZ2
                 	STD  Z+@0,R26
                 	STD  Z+@0+1,R27
                 	STD  Z+@0+2,R24
                 	STD  Z+@0+3,R25
                 	.ENDM
                 
                 	.MACRO __CLRD1S
                 	STD  Y+@0,R30
                 	STD  Y+@0+1,R30
                 	STD  Y+@0+2,R30
                 	STD  Y+@0+3,R30
                 	.ENDM
                 
                 	.MACRO __POINTB1MN
                 	LDI  R30,LOW(@0+(@1))
                 	.ENDM
                 
                 	.MACRO __POINTW1MN
                 	LDI  R30,LOW(@0+(@1))
                 	LDI  R31,HIGH(@0+(@1))
                 	.ENDM
                 
                 	.MACRO __POINTD1M
                 	LDI  R30,LOW(@0)
                 	LDI  R31,HIGH(@0)
                 	LDI  R22,BYTE3(@0)
                 	LDI  R23,BYTE4(@0)
                 	.ENDM
                 
                 	.MACRO __POINTW1FN
                 	LDI  R30,LOW(2*@0+(@1))
                 	LDI  R31,HIGH(2*@0+(@1))
                 	.ENDM
                 
                 	.MACRO __POINTD1FN
                 	LDI  R30,LOW(2*@0+(@1))
                 	LDI  R31,HIGH(2*@0+(@1))
                 	LDI  R22,BYTE3(2*@0+(@1))
                 	LDI  R23,BYTE4(2*@0+(@1))
                 	.ENDM
                 
                 	.MACRO __POINTB2MN
                 	LDI  R26,LOW(@0+(@1))
                 	.ENDM
                 
                 	.MACRO __POINTW2MN
                 	LDI  R26,LOW(@0+(@1))
                 	LDI  R27,HIGH(@0+(@1))
                 	.ENDM
                 
                 	.MACRO __POINTW2FN
                 	LDI  R26,LOW(2*@0+(@1))
                 	LDI  R27,HIGH(2*@0+(@1))
                 	.ENDM
                 
                 	.MACRO __POINTD2FN
                 	LDI  R26,LOW(2*@0+(@1))
                 	LDI  R27,HIGH(2*@0+(@1))
                 	LDI  R24,BYTE3(2*@0+(@1))
                 	LDI  R25,BYTE4(2*@0+(@1))
                 	.ENDM
                 
                 	.MACRO __POINTBRM
                 	LDI  R@0,LOW(@1)
                 	.ENDM
                 
                 	.MACRO __POINTWRM
                 	LDI  R@0,LOW(@2)
                 	LDI  R@1,HIGH(@2)
                 	.ENDM
                 
                 	.MACRO __POINTBRMN
                 	LDI  R@0,LOW(@1+(@2))
                 	.ENDM
                 
                 	.MACRO __POINTWRMN
                 	LDI  R@0,LOW(@2+(@3))
                 	LDI  R@1,HIGH(@2+(@3))
                 	.ENDM
                 
                 	.MACRO __POINTWRFN
                 	LDI  R@0,LOW(@2*2+(@3))
                 	LDI  R@1,HIGH(@2*2+(@3))
                 	.ENDM
                 
                 	.MACRO __GETD1N
                 	LDI  R30,LOW(@0)
                 	LDI  R31,HIGH(@0)
                 	LDI  R22,BYTE3(@0)
                 	LDI  R23,BYTE4(@0)
                 	.ENDM
                 
                 	.MACRO __GETD2N
                 	LDI  R26,LOW(@0)
                 	LDI  R27,HIGH(@0)
                 	LDI  R24,BYTE3(@0)
                 	LDI  R25,BYTE4(@0)
                 	.ENDM
                 
                 	.MACRO __GETB1MN
                 	LDS  R30,@0+(@1)
                 	.ENDM
                 
                 	.MACRO __GETB1HMN
                 	LDS  R31,@0+(@1)
                 	.ENDM
                 
                 	.MACRO __GETW1MN
                 	LDS  R30,@0+(@1)
                 	LDS  R31,@0+(@1)+1
                 	.ENDM
                 
                 	.MACRO __GETD1MN
                 	LDS  R30,@0+(@1)
                 	LDS  R31,@0+(@1)+1
                 	LDS  R22,@0+(@1)+2
                 	LDS  R23,@0+(@1)+3
                 	.ENDM
                 
                 	.MACRO __GETBRMN
                 	LDS  R@0,@1+(@2)
                 	.ENDM
                 
                 	.MACRO __GETWRMN
                 	LDS  R@0,@2+(@3)
                 	LDS  R@1,@2+(@3)+1
                 	.ENDM
                 
                 	.MACRO __GETWRZ
                 	LDD  R@0,Z+@2
                 	LDD  R@1,Z+@2+1
                 	.ENDM
                 
                 	.MACRO __GETD2Z
                 	LDD  R26,Z+@0
                 	LDD  R27,Z+@0+1
                 	LDD  R24,Z+@0+2
                 	LDD  R25,Z+@0+3
                 	.ENDM
                 
                 	.MACRO __GETB2MN
                 	LDS  R26,@0+(@1)
                 	.ENDM
                 
                 	.MACRO __GETW2MN
                 	LDS  R26,@0+(@1)
                 	LDS  R27,@0+(@1)+1
                 	.ENDM
                 
                 	.MACRO __GETD2MN
                 	LDS  R26,@0+(@1)
                 	LDS  R27,@0+(@1)+1
                 	LDS  R24,@0+(@1)+2
                 	LDS  R25,@0+(@1)+3
                 	.ENDM
                 
                 	.MACRO __PUTB1MN
                 	STS  @0+(@1),R30
                 	.ENDM
                 
                 	.MACRO __PUTW1MN
                 	STS  @0+(@1),R30
                 	STS  @0+(@1)+1,R31
                 	.ENDM
                 
                 	.MACRO __PUTD1MN
                 	STS  @0+(@1),R30
                 	STS  @0+(@1)+1,R31
                 	STS  @0+(@1)+2,R22
                 	STS  @0+(@1)+3,R23
                 	.ENDM
                 
                 	.MACRO __PUTB1EN
                 	LDI  R26,LOW(@0+(@1))
                 	LDI  R27,HIGH(@0+(@1))
                 	CALL __EEPROMWRB
                 	.ENDM
                 
                 	.MACRO __PUTW1EN
                 	LDI  R26,LOW(@0+(@1))
                 	LDI  R27,HIGH(@0+(@1))
                 	CALL __EEPROMWRW
                 	.ENDM
                 
                 	.MACRO __PUTD1EN
                 	LDI  R26,LOW(@0+(@1))
                 	LDI  R27,HIGH(@0+(@1))
                 	CALL __EEPROMWRD
                 	.ENDM
                 
                 	.MACRO __PUTBR0MN
                 	STS  @0+(@1),R0
                 	.ENDM
                 
                 	.MACRO __PUTBMRN
                 	STS  @0+(@1),R@2
                 	.ENDM
                 
                 	.MACRO __PUTWMRN
                 	STS  @0+(@1),R@2
                 	STS  @0+(@1)+1,R@3
                 	.ENDM
                 
                 	.MACRO __PUTBZR
                 	STD  Z+@1,R@0
                 	.ENDM
                 
                 	.MACRO __PUTWZR
                 	STD  Z+@2,R@0
                 	STD  Z+@2+1,R@1
                 	.ENDM
                 
                 	.MACRO __GETW1R
                 	MOV  R30,R@0
                 	MOV  R31,R@1
                 	.ENDM
                 
                 	.MACRO __GETW2R
                 	MOV  R26,R@0
                 	MOV  R27,R@1
                 	.ENDM
                 
                 	.MACRO __GETWRN
                 	LDI  R@0,LOW(@2)
                 	LDI  R@1,HIGH(@2)
                 	.ENDM
                 
                 	.MACRO __PUTW1R
                 	MOV  R@0,R30
                 	MOV  R@1,R31
                 	.ENDM
                 
                 	.MACRO __PUTW2R
                 	MOV  R@0,R26
                 	MOV  R@1,R27
                 	.ENDM
                 
                 	.MACRO __ADDWRN
                 	SUBI R@0,LOW(-@2)
                 	SBCI R@1,HIGH(-@2)
                 	.ENDM
                 
                 	.MACRO __ADDWRR
                 	ADD  R@0,R@2
                 	ADC  R@1,R@3
                 	.ENDM
                 
                 	.MACRO __SUBWRN
                 	SUBI R@0,LOW(@2)
                 	SBCI R@1,HIGH(@2)
                 	.ENDM
                 
                 	.MACRO __SUBWRR
                 	SUB  R@0,R@2
                 	SBC  R@1,R@3
                 	.ENDM
                 
                 	.MACRO __ANDWRN
                 	ANDI R@0,LOW(@2)
                 	ANDI R@1,HIGH(@2)
                 	.ENDM
                 
                 	.MACRO __ANDWRR
                 	AND  R@0,R@2
                 	AND  R@1,R@3
                 	.ENDM
                 
                 	.MACRO __ORWRN
                 	ORI  R@0,LOW(@2)
                 	ORI  R@1,HIGH(@2)
                 	.ENDM
                 
                 	.MACRO __ORWRR
                 	OR   R@0,R@2
                 	OR   R@1,R@3
                 	.ENDM
                 
                 	.MACRO __EORWRR
                 	EOR  R@0,R@2
                 	EOR  R@1,R@3
                 	.ENDM
                 
                 	.MACRO __GETWRS
                 	LDD  R@0,Y+@2
                 	LDD  R@1,Y+@2+1
                 	.ENDM
                 
                 	.MACRO __PUTBSR
                 	STD  Y+@1,R@0
                 	.ENDM
                 
                 	.MACRO __PUTWSR
                 	STD  Y+@2,R@0
                 	STD  Y+@2+1,R@1
                 	.ENDM
                 
                 	.MACRO __MOVEWRR
                 	MOV  R@0,R@2
                 	MOV  R@1,R@3
                 	.ENDM
                 
                 	.MACRO __INWR
                 	IN   R@0,@2
                 	IN   R@1,@2+1
                 	.ENDM
                 
                 	.MACRO __OUTWR
                 	OUT  @2+1,R@1
                 	OUT  @2,R@0
                 	.ENDM
                 
                 	.MACRO __CALL1MN
                 	LDS  R30,@0+(@1)
                 	LDS  R31,@0+(@1)+1
                 	ICALL
                 	.ENDM
                 
                 	.MACRO __CALL1FN
                 	LDI  R30,LOW(2*@0+(@1))
                 	LDI  R31,HIGH(2*@0+(@1))
                 	CALL __GETW1PF
                 	ICALL
                 	.ENDM
                 
                 	.MACRO __CALL2EN
                 	PUSH R26
                 	PUSH R27
                 	LDI  R26,LOW(@0+(@1))
                 	LDI  R27,HIGH(@0+(@1))
                 	CALL __EEPROMRDW
                 	POP  R27
                 	POP  R26
                 	ICALL
                 	.ENDM
                 
                 	.MACRO __CALL2EX
                 	SUBI R26,LOW(-@0)
                 	SBCI R27,HIGH(-@0)
                 	CALL __EEPROMRDD
                 	ICALL
                 	.ENDM
                 
                 	.MACRO __GETW1STACK
                 	IN   R30,SPL
                 	IN   R31,SPH
                 	ADIW R30,@0+1
                 	LD   R0,Z+
                 	LD   R31,Z
                 	MOV  R30,R0
                 	.ENDM
                 
                 	.MACRO __GETD1STACK
                 	IN   R30,SPL
                 	IN   R31,SPH
                 	ADIW R30,@0+1
                 	LD   R0,Z+
                 	LD   R1,Z+
                 	LD   R22,Z
                 	MOVW R30,R0
                 	.ENDM
                 
                 	.MACRO __NBST
                 	BST  R@0,@1
                 	IN   R30,SREG
                 	LDI  R31,0x40
                 	EOR  R30,R31
                 	OUT  SREG,R30
                 	.ENDM
                 
                 
                 	.MACRO __PUTB1SN
                 	LDD  R26,Y+@0
                 	LDD  R27,Y+@0+1
                 	SUBI R26,LOW(-@1)
                 	SBCI R27,HIGH(-@1)
                 	ST   X,R30
                 	.ENDM
                 
                 	.MACRO __PUTW1SN
                 	LDD  R26,Y+@0
                 	LDD  R27,Y+@0+1
                 	SUBI R26,LOW(-@1)
                 	SBCI R27,HIGH(-@1)
                 	ST   X+,R30
                 	ST   X,R31
                 	.ENDM
                 
                 	.MACRO __PUTD1SN
                 	LDD  R26,Y+@0
                 	LDD  R27,Y+@0+1
                 	SUBI R26,LOW(-@1)
                 	SBCI R27,HIGH(-@1)
                 	CALL __PUTDP1
                 	.ENDM
                 
                 	.MACRO __PUTB1SNS
                 	LDD  R26,Y+@0
                 	LDD  R27,Y+@0+1
                 	ADIW R26,@1
                 	ST   X,R30
                 	.ENDM
                 
                 	.MACRO __PUTW1SNS
                 	LDD  R26,Y+@0
                 	LDD  R27,Y+@0+1
                 	ADIW R26,@1
                 	ST   X+,R30
                 	ST   X,R31
                 	.ENDM
                 
                 	.MACRO __PUTD1SNS
                 	LDD  R26,Y+@0
                 	LDD  R27,Y+@0+1
                 	ADIW R26,@1
                 	CALL __PUTDP1
                 	.ENDM
                 
                 	.MACRO __PUTB1PMN
                 	LDS  R26,@0
                 	LDS  R27,@0+1
                 	SUBI R26,LOW(-@1)
                 	SBCI R27,HIGH(-@1)
                 	ST   X,R30
                 	.ENDM
                 
                 	.MACRO __PUTW1PMN
                 	LDS  R26,@0
                 	LDS  R27,@0+1
                 	SUBI R26,LOW(-@1)
                 	SBCI R27,HIGH(-@1)
                 	ST   X+,R30
                 	ST   X,R31
                 	.ENDM
                 
                 	.MACRO __PUTD1PMN
                 	LDS  R26,@0
                 	LDS  R27,@0+1
                 	SUBI R26,LOW(-@1)
                 	SBCI R27,HIGH(-@1)
                 	CALL __PUTDP1
                 	.ENDM
                 
                 	.MACRO __PUTB1PMNS
                 	LDS  R26,@0
                 	LDS  R27,@0+1
                 	ADIW R26,@1
                 	ST   X,R30
                 	.ENDM
                 
                 	.MACRO __PUTW1PMNS
                 	LDS  R26,@0
                 	LDS  R27,@0+1
                 	ADIW R26,@1
                 	ST   X+,R30
                 	ST   X,R31
                 	.ENDM
                 
                 	.MACRO __PUTD1PMNS
                 	LDS  R26,@0
                 	LDS  R27,@0+1
                 	ADIW R26,@1
                 	CALL __PUTDP1
                 	.ENDM
                 
                 	.MACRO __PUTB1RN
                 	MOVW R26,R@0
                 	SUBI R26,LOW(-@1)
                 	SBCI R27,HIGH(-@1)
                 	ST   X,R30
                 	.ENDM
                 
                 	.MACRO __PUTW1RN
                 	MOVW R26,R@0
                 	SUBI R26,LOW(-@1)
                 	SBCI R27,HIGH(-@1)
                 	ST   X+,R30
                 	ST   X,R31
                 	.ENDM
                 
                 	.MACRO __PUTD1RN
                 	MOVW R26,R@0
                 	SUBI R26,LOW(-@1)
                 	SBCI R27,HIGH(-@1)
                 	CALL __PUTDP1
                 	.ENDM
                 
                 	.MACRO __PUTB1RNS
                 	MOVW R26,R@0
                 	ADIW R26,@1
                 	ST   X,R30
                 	.ENDM
                 
                 	.MACRO __PUTW1RNS
                 	MOVW R26,R@0
                 	ADIW R26,@1
                 	ST   X+,R30
                 	ST   X,R31
                 	.ENDM
                 
                 	.MACRO __PUTD1RNS
                 	MOVW R26,R@0
                 	ADIW R26,@1
                 	CALL __PUTDP1
                 	.ENDM
                 
                 	.MACRO __PUTB1RON
                 	MOV  R26,R@0
                 	MOV  R27,R@1
                 	SUBI R26,LOW(-@2)
                 	SBCI R27,HIGH(-@2)
                 	ST   X,R30
                 	.ENDM
                 
                 	.MACRO __PUTW1RON
                 	MOV  R26,R@0
                 	MOV  R27,R@1
                 	SUBI R26,LOW(-@2)
                 	SBCI R27,HIGH(-@2)
                 	ST   X+,R30
                 	ST   X,R31
                 	.ENDM
                 
                 	.MACRO __PUTD1RON
                 	MOV  R26,R@0
                 	MOV  R27,R@1
                 	SUBI R26,LOW(-@2)
                 	SBCI R27,HIGH(-@2)
                 	CALL __PUTDP1
                 	.ENDM
                 
                 	.MACRO __PUTB1RONS
                 	MOV  R26,R@0
                 	MOV  R27,R@1
                 	ADIW R26,@2
                 	ST   X,R30
                 	.ENDM
                 
                 	.MACRO __PUTW1RONS
                 	MOV  R26,R@0
                 	MOV  R27,R@1
                 	ADIW R26,@2
                 	ST   X+,R30
                 	ST   X,R31
                 	.ENDM
                 
                 	.MACRO __PUTD1RONS
                 	MOV  R26,R@0
                 	MOV  R27,R@1
                 	ADIW R26,@2
                 	CALL __PUTDP1
                 	.ENDM
                 
                 
                 	.MACRO __GETB1SX
                 	MOVW R30,R28
                 	SUBI R30,LOW(-@0)
                 	SBCI R31,HIGH(-@0)
                 	LD   R30,Z
                 	.ENDM
                 
                 	.MACRO __GETB1HSX
                 	MOVW R30,R28
                 	SUBI R30,LOW(-@0)
                 	SBCI R31,HIGH(-@0)
                 	LD   R31,Z
                 	.ENDM
                 
                 	.MACRO __GETW1SX
                 	MOVW R30,R28
                 	SUBI R30,LOW(-@0)
                 	SBCI R31,HIGH(-@0)
                 	LD   R0,Z+
                 	LD   R31,Z
                 	MOV  R30,R0
                 	.ENDM
                 
                 	.MACRO __GETD1SX
                 	MOVW R30,R28
                 	SUBI R30,LOW(-@0)
                 	SBCI R31,HIGH(-@0)
                 	LD   R0,Z+
                 	LD   R1,Z+
                 	LD   R22,Z+
                 	LD   R23,Z
                 	MOVW R30,R0
                 	.ENDM
                 
                 	.MACRO __GETB2SX
                 	MOVW R26,R28
                 	SUBI R26,LOW(-@0)
                 	SBCI R27,HIGH(-@0)
                 	LD   R26,X
                 	.ENDM
                 
                 	.MACRO __GETW2SX
                 	MOVW R26,R28
                 	SUBI R26,LOW(-@0)
                 	SBCI R27,HIGH(-@0)
                 	LD   R0,X+
                 	LD   R27,X
                 	MOV  R26,R0
                 	.ENDM
                 
                 	.MACRO __GETD2SX
                 	MOVW R26,R28
                 	SUBI R26,LOW(-@0)
                 	SBCI R27,HIGH(-@0)
                 	LD   R0,X+
                 	LD   R1,X+
                 	LD   R24,X+
                 	LD   R25,X
                 	MOVW R26,R0
                 	.ENDM
                 
                 	.MACRO __GETBRSX
                 	MOVW R30,R28
                 	SUBI R30,LOW(-@1)
                 	SBCI R31,HIGH(-@1)
                 	LD   R@0,Z
                 	.ENDM
                 
                 	.MACRO __GETWRSX
                 	MOVW R30,R28
                 	SUBI R30,LOW(-@2)
                 	SBCI R31,HIGH(-@2)
                 	LD   R@0,Z+
                 	LD   R@1,Z
                 	.ENDM
                 
                 	.MACRO __GETBRSX2
                 	MOVW R26,R28
                 	SUBI R26,LOW(-@1)
                 	SBCI R27,HIGH(-@1)
                 	LD   R@0,X
                 	.ENDM
                 
                 	.MACRO __GETWRSX2
                 	MOVW R26,R28
                 	SUBI R26,LOW(-@2)
                 	SBCI R27,HIGH(-@2)
                 	LD   R@0,X+
                 	LD   R@1,X
                 	.ENDM
                 
                 	.MACRO __LSLW8SX
                 	MOVW R30,R28
                 	SUBI R30,LOW(-@0)
                 	SBCI R31,HIGH(-@0)
                 	LD   R31,Z
                 	CLR  R30
                 	.ENDM
                 
                 	.MACRO __PUTB1SX
                 	MOVW R26,R28
                 	SUBI R26,LOW(-@0)
                 	SBCI R27,HIGH(-@0)
                 	ST   X,R30
                 	.ENDM
                 
                 	.MACRO __PUTW1SX
                 	MOVW R26,R28
                 	SUBI R26,LOW(-@0)
                 	SBCI R27,HIGH(-@0)
                 	ST   X+,R30
                 	ST   X,R31
                 	.ENDM
                 
                 	.MACRO __PUTD1SX
                 	MOVW R26,R28
                 	SUBI R26,LOW(-@0)
                 	SBCI R27,HIGH(-@0)
                 	ST   X+,R30
                 	ST   X+,R31
                 	ST   X+,R22
                 	ST   X,R23
                 	.ENDM
                 
                 	.MACRO __CLRW1SX
                 	MOVW R26,R28
                 	SUBI R26,LOW(-@0)
                 	SBCI R27,HIGH(-@0)
                 	ST   X+,R30
                 	ST   X,R30
                 	.ENDM
                 
                 	.MACRO __CLRD1SX
                 	MOVW R26,R28
                 	SUBI R26,LOW(-@0)
                 	SBCI R27,HIGH(-@0)
                 	ST   X+,R30
                 	ST   X+,R30
                 	ST   X+,R30
                 	ST   X,R30
                 	.ENDM
                 
                 	.MACRO __PUTB2SX
                 	MOVW R30,R28
                 	SUBI R30,LOW(-@0)
                 	SBCI R31,HIGH(-@0)
                 	ST   Z,R26
                 	.ENDM
                 
                 	.MACRO __PUTW2SX
                 	MOVW R30,R28
                 	SUBI R30,LOW(-@0)
                 	SBCI R31,HIGH(-@0)
                 	ST   Z+,R26
                 	ST   Z,R27
                 	.ENDM
                 
                 	.MACRO __PUTD2SX
                 	MOVW R30,R28
                 	SUBI R30,LOW(-@0)
                 	SBCI R31,HIGH(-@0)
                 	ST   Z+,R26
                 	ST   Z+,R27
                 	ST   Z+,R24
                 	ST   Z,R25
                 	.ENDM
                 
                 	.MACRO __PUTBSRX
                 	MOVW R30,R28
                 	SUBI R30,LOW(-@1)
                 	SBCI R31,HIGH(-@1)
                 	ST   Z,R@0
                 	.ENDM
                 
                 	.MACRO __PUTWSRX
                 	MOVW R30,R28
                 	SUBI R30,LOW(-@2)
                 	SBCI R31,HIGH(-@2)
                 	ST   Z+,R@0
                 	ST   Z,R@1
                 	.ENDM
                 
                 	.MACRO __PUTB1SNX
                 	MOVW R26,R28
                 	SUBI R26,LOW(-@0)
                 	SBCI R27,HIGH(-@0)
                 	LD   R0,X+
                 	LD   R27,X
                 	MOV  R26,R0
                 	SUBI R26,LOW(-@1)
                 	SBCI R27,HIGH(-@1)
                 	ST   X,R30
                 	.ENDM
                 
                 	.MACRO __PUTW1SNX
                 	MOVW R26,R28
                 	SUBI R26,LOW(-@0)
                 	SBCI R27,HIGH(-@0)
                 	LD   R0,X+
                 	LD   R27,X
                 	MOV  R26,R0
                 	SUBI R26,LOW(-@1)
                 	SBCI R27,HIGH(-@1)
                 	ST   X+,R30
                 	ST   X,R31
                 	.ENDM
                 
                 	.MACRO __PUTD1SNX
                 	MOVW R26,R28
                 	SUBI R26,LOW(-@0)
                 	SBCI R27,HIGH(-@0)
                 	LD   R0,X+
                 	LD   R27,X
                 	MOV  R26,R0
                 	SUBI R26,LOW(-@1)
                 	SBCI R27,HIGH(-@1)
                 	ST   X+,R30
                 	ST   X+,R31
                 	ST   X+,R22
                 	ST   X,R23
                 	.ENDM
                 
                 	.MACRO __MULBRR
                 	MULS R@0,R@1
                 	MOVW R30,R0
                 	.ENDM
                 
                 	.MACRO __MULBRRU
                 	MUL  R@0,R@1
                 	MOVW R30,R0
                 	.ENDM
                 
                 	.MACRO __MULBRR0
                 	MULS R@0,R@1
                 	.ENDM
                 
                 	.MACRO __MULBRRU0
                 	MUL  R@0,R@1
                 	.ENDM
                 
                 	.MACRO __MULBNWRU
                 	LDI  R26,@2
                 	MUL  R26,R@0
                 	MOVW R30,R0
                 	MUL  R26,R@1
                 	ADD  R31,R0
                 	.ENDM
                 
                 ;NAME DEFINITIONS FOR GLOBAL VARIABLES ALLOCATED TO REGISTERS
                 	.DEF __lcd_x=R5
                 	.DEF __lcd_y=R4
                 	.DEF __lcd_maxx=R7
                 
                 	.CSEG
                 	.ORG 0x00
                 
                 ;START OF CODE MARKER
                 __START_OF_CODE:
                 
                 ;INTERRUPT VECTORS
000000 940c 0051 	JMP  __RESET
000002 940c 00f2 	JMP  _ext_int0_isr
000004 940c 0100 	JMP  _ext_int1_isr
000006 940c 0000 	JMP  0x00
000008 940c 0000 	JMP  0x00
00000a 940c 0000 	JMP  0x00
00000c 940c 0000 	JMP  0x00
00000e 940c 0000 	JMP  0x00
000010 940c 0000 	JMP  0x00
000012 940c 0000 	JMP  0x00
000014 940c 0000 	JMP  0x00
000016 940c 0000 	JMP  0x00
000018 940c 0000 	JMP  0x00
00001a 940c 0000 	JMP  0x00
00001c 940c 0000 	JMP  0x00
00001e 940c 0000 	JMP  0x00
000020 940c 0000 	JMP  0x00
000022 940c 0000 	JMP  0x00
000024 940c 0000 	JMP  0x00
000026 940c 0000 	JMP  0x00
000028 940c 0000 	JMP  0x00
                 
                 _0x0:
00002a 7473
00002b 7261
00002c 2074
00002d 6f70      	.DB  0x73,0x74,0x61,0x72,0x74,0x20,0x70,0x6F
00002e 6577
00002f 2072
000030 6f64
000031 6e77      	.DB  0x77,0x65,0x72,0x20,0x64,0x6F,0x77,0x6E
000032 7000
000033 776f
000034 7265
000035 6420      	.DB  0x0,0x70,0x6F,0x77,0x65,0x72,0x20,0x64
000036 776f
000037 206e
000038 6f64
000039 656e      	.DB  0x6F,0x77,0x6E,0x20,0x64,0x6F,0x6E,0x65
00003a 0021
00003b 7473
00003c 7261
00003d 2074      	.DB  0x21,0x0,0x73,0x74,0x61,0x72,0x74,0x20
00003e 6f70
00003f 6577
000040 2072
000041 6e6f      	.DB  0x70,0x6F,0x77,0x65,0x72,0x20,0x6F,0x6E
E:\1shanbe\Session9\Debug\List\qninetwo.asm(1128): warning: .cseg .db misalignment - padding zero byte
000042 0000      	.DB  0x0
                 _0x2000003:
000043 c080      	.DB  0x80,0xC0
                 
                 __GLOBAL_INI_TBL:
000044 0011      	.DW  0x11
000045 0260      	.DW  _0x37
000046 0054      	.DW  _0x0*2
                 
000047 0011      	.DW  0x11
000048 0271      	.DW  _0x37+17
000049 0065      	.DW  _0x0*2+17
                 
00004a 000f      	.DW  0x0F
00004b 0282      	.DW  _0x38
00004c 0076      	.DW  _0x0*2+34
                 
00004d 0002      	.DW  0x02
00004e 0291      	.DW  __base_y_G100
00004f 0086      	.DW  _0x2000003*2
                 
                 _0xFFFFFFFF:
000050 0000      	.DW  0
                 
                 #define __GLOBAL_INI_TBL_PRESENT 1
                 
                 __RESET:
000051 94f8      	CLI
000052 27ee      	CLR  R30
000053 bbec      	OUT  EECR,R30
                 
                 ;INTERRUPT VECTORS ARE PLACED
                 ;AT THE START OF FLASH
000054 e0f1      	LDI  R31,1
000055 bffb      	OUT  GICR,R31
000056 bfeb      	OUT  GICR,R30
000057 bfe5      	OUT  MCUCR,R30
                 
                 ;CLEAR R2-R14
000058 e08d      	LDI  R24,(14-2)+1
000059 e0a2      	LDI  R26,2
00005a 27bb      	CLR  R27
                 __CLEAR_REG:
00005b 93ed      	ST   X+,R30
00005c 958a      	DEC  R24
00005d f7e9      	BRNE __CLEAR_REG
                 
                 ;CLEAR SRAM
00005e e080      	LDI  R24,LOW(__CLEAR_SRAM_SIZE)
00005f e098      	LDI  R25,HIGH(__CLEAR_SRAM_SIZE)
000060 e6a0      	LDI  R26,__SRAM_START
                 __CLEAR_SRAM:
000061 93ed      	ST   X+,R30
000062 9701      	SBIW R24,1
000063 f7e9      	BRNE __CLEAR_SRAM
                 
                 ;GLOBAL VARIABLES INITIALIZATION
000064 e8e8      	LDI  R30,LOW(__GLOBAL_INI_TBL*2)
000065 e0f0      	LDI  R31,HIGH(__GLOBAL_INI_TBL*2)
                 __GLOBAL_INI_NEXT:
000066 9185      	LPM  R24,Z+
000067 9195      	LPM  R25,Z+
000068 9700      	SBIW R24,0
000069 f061      	BREQ __GLOBAL_INI_END
00006a 91a5      	LPM  R26,Z+
00006b 91b5      	LPM  R27,Z+
00006c 9005      	LPM  R0,Z+
00006d 9015      	LPM  R1,Z+
00006e 01bf      	MOVW R22,R30
00006f 01f0      	MOVW R30,R0
                 __GLOBAL_INI_LOOP:
000070 9005      	LPM  R0,Z+
000071 920d      	ST   X+,R0
000072 9701      	SBIW R24,1
000073 f7e1      	BRNE __GLOBAL_INI_LOOP
000074 01fb      	MOVW R30,R22
000075 cff0      	RJMP __GLOBAL_INI_NEXT
                 __GLOBAL_INI_END:
                 
                 ;HARDWARE STACK POINTER INITIALIZATION
000076 e5ef      	LDI  R30,LOW(__SRAM_END-__HEAP_SIZE)
000077 bfed      	OUT  SPL,R30
000078 e0e8      	LDI  R30,HIGH(__SRAM_END-__HEAP_SIZE)
000079 bfee      	OUT  SPH,R30
                 
                 ;DATA STACK POINTER INITIALIZATION
00007a e6c0      	LDI  R28,LOW(__SRAM_START+__DSTACK_SIZE)
00007b e0d2      	LDI  R29,HIGH(__SRAM_START+__DSTACK_SIZE)
                 
00007c 940c 0116 	JMP  _main
                 
                 	.ESEG
                 	.ORG 0
                 
                 	.DSEG
                 	.ORG 0x260
                 
                 	.CSEG
                 ;/*******************************************************
                 ;This program was created by the
                 ;CodeWizardAVR V3.12 Advanced
                 ;Automatic Program Generator
                 ;© Copyright 1998-2014 Pavel Haiduc, HP InfoTech s.r.l.
                 ;http://www.hpinfotech.com
                 ;
                 ;Project :
                 ;Version :
                 ;Date    : 04/24/2016
                 ;Author  :
                 ;Company :
                 ;Comments:
                 ;
                 ;
                 ;Chip type               : ATmega32
                 ;Program type            : Application
                 ;AVR Core Clock frequency: 8.000000 MHz
                 ;Memory model            : Small
                 ;External RAM size       : 0
                 ;Data Stack size         : 512
                 ;*******************************************************/
                 ;
                 ;#include <mega32.h>
                 	#ifndef __SLEEP_DEFINED__
                 	#define __SLEEP_DEFINED__
                 	.EQU __se_bit=0x80
                 	.EQU __sm_mask=0x70
                 	.EQU __sm_powerdown=0x20
                 	.EQU __sm_powersave=0x30
                 	.EQU __sm_standby=0x60
                 	.EQU __sm_ext_standby=0x70
                 	.EQU __sm_adc_noise_red=0x10
                 	.SET power_ctrl_reg=mcucr
                 	#endif
                 ;
                 ;// Alphanumeric LCD functions
                 ;#include <alcd.h>
                 ;
                 ;#include <delay.h>
                 ;#include <sleep.h>
                 ;
                 ;void key_find_print(int row_number);
                 ;void clear_portb();
                 ;
                 ;void key_find()
                 ; 0000 0024 {
                 
                 	.CSEG
                 _key_find:
                 ; .FSTART _key_find
                 ; 0000 0025     PORTA.4 = 0;
00007e 98dc      	CBI  0x1B,4
                 ; 0000 0026     key_find_print(4);
00007f e0a4      	LDI  R26,LOW(4)
000080 940e 01eb 	CALL SUBOPT_0x0
                 ; 0000 0027     delay_ms(5);
                 ; 0000 0028     PORTA.4 = 1;
000082 9adc      	SBI  0x1B,4
                 ; 0000 0029 
                 ; 0000 002A     PORTA.5 = 0;
000083 98dd      	CBI  0x1B,5
                 ; 0000 002B     key_find_print(5);
000084 e0a5      	LDI  R26,LOW(5)
000085 940e 01eb 	CALL SUBOPT_0x0
                 ; 0000 002C     delay_ms(5);
                 ; 0000 002D     PORTA.5 = 1;
000087 9add      	SBI  0x1B,5
                 ; 0000 002E 
                 ; 0000 002F     PORTA.6 = 0;
000088 98de      	CBI  0x1B,6
                 ; 0000 0030     key_find_print(6);
000089 e0a6      	LDI  R26,LOW(6)
00008a 940e 01eb 	CALL SUBOPT_0x0
                 ; 0000 0031     delay_ms(5);
                 ; 0000 0032     PORTA.6 = 1;
00008c 9ade      	SBI  0x1B,6
                 ; 0000 0033 
                 ; 0000 0034     PORTA.7 = 0;
00008d 98df      	CBI  0x1B,7
                 ; 0000 0035     key_find_print(7);
00008e e0a7      	LDI  R26,LOW(7)
00008f 940e 01eb 	CALL SUBOPT_0x0
                 ; 0000 0036     delay_ms(5);
                 ; 0000 0037     PORTA.7 = 1;
000091 9adf      	SBI  0x1B,7
                 ; 0000 0038 
                 ; 0000 0039     clear_portb();
000092 d05c      	RCALL _clear_portb
                 ; 0000 003A }
000093 9508      	RET
                 ; .FEND
                 ;
                 ;void key_find_print(int row_number)
                 ; 0000 003D {
                 _key_find_print:
                 ; .FSTART _key_find_print
                 ; 0000 003E     switch(row_number)
000094 93ba      	ST   -Y,R27
000095 93aa      	ST   -Y,R26
                 ;	row_number -> Y+0
000096 81e8      	LD   R30,Y
000097 81f9      	LDD  R31,Y+1
                 ; 0000 003F     {
                 ; 0000 0040         case 4:
000098 30e4      	CPI  R30,LOW(0x4)
000099 e0a0      	LDI  R26,HIGH(0x4)
00009a 07fa      	CPC  R31,R26
00009b f489      	BRNE _0x16
                 ; 0000 0041             if(!PINA.0)
00009c 99c8      	SBIC 0x19,0
00009d c002      	RJMP _0x17
                 ; 0000 0042                 PORTB = 0xC0;
00009e ece0      	LDI  R30,LOW(192)
00009f c00b      	RJMP _0x3D
                 ; 0000 0043             else if(!PINA.1)
                 _0x17:
0000a0 99c9      	SBIC 0x19,1
0000a1 c002      	RJMP _0x19
                 ; 0000 0044                 PORTB = 0xCF;
0000a2 ecef      	LDI  R30,LOW(207)
0000a3 c007      	RJMP _0x3D
                 ; 0000 0045             else if(!PINA.2)
                 _0x19:
0000a4 99ca      	SBIC 0x19,2
0000a5 c002      	RJMP _0x1B
                 ; 0000 0046                 PORTB = 0xA4;
0000a6 eae4      	LDI  R30,LOW(164)
0000a7 c003      	RJMP _0x3D
                 ; 0000 0047             else if(!PINA.3)
                 _0x1B:
0000a8 99cb      	SBIC 0x19,3
0000a9 c002      	RJMP _0x1D
                 ; 0000 0048                 PORTB = 0xB0;
0000aa ebe0      	LDI  R30,LOW(176)
                 _0x3D:
0000ab bbe8      	OUT  0x18,R30
                 ; 0000 0049             break;
                 _0x1D:
0000ac c041      	RJMP _0x15
                 ; 0000 004A 
                 ; 0000 004B         case 5:
                 _0x16:
0000ad 30e5      	CPI  R30,LOW(0x5)
0000ae e0a0      	LDI  R26,HIGH(0x5)
0000af 07fa      	CPC  R31,R26
0000b0 f489      	BRNE _0x1E
                 ; 0000 004C             if(!PINA.0)
0000b1 99c8      	SBIC 0x19,0
0000b2 c002      	RJMP _0x1F
                 ; 0000 004D                 PORTB = 0x99;
0000b3 e9e9      	LDI  R30,LOW(153)
0000b4 c00b      	RJMP _0x3E
                 ; 0000 004E             else if(!PINA.1)
                 _0x1F:
0000b5 99c9      	SBIC 0x19,1
0000b6 c002      	RJMP _0x21
                 ; 0000 004F                 PORTB = 0x92;
0000b7 e9e2      	LDI  R30,LOW(146)
0000b8 c007      	RJMP _0x3E
                 ; 0000 0050             else if(!PINA.2)
                 _0x21:
0000b9 99ca      	SBIC 0x19,2
0000ba c002      	RJMP _0x23
                 ; 0000 0051                 PORTB = 0x82;
0000bb e8e2      	LDI  R30,LOW(130)
0000bc c003      	RJMP _0x3E
                 ; 0000 0052             else if(!PINA.3)
                 _0x23:
0000bd 99cb      	SBIC 0x19,3
0000be c002      	RJMP _0x25
                 ; 0000 0053                 PORTB = 0xF8;
0000bf efe8      	LDI  R30,LOW(248)
                 _0x3E:
0000c0 bbe8      	OUT  0x18,R30
                 ; 0000 0054             break;
                 _0x25:
0000c1 c02c      	RJMP _0x15
                 ; 0000 0055 
                 ; 0000 0056         case 6:
                 _0x1E:
0000c2 30e6      	CPI  R30,LOW(0x6)
0000c3 e0a0      	LDI  R26,HIGH(0x6)
0000c4 07fa      	CPC  R31,R26
0000c5 f489      	BRNE _0x26
                 ; 0000 0057             if(!PINA.0)
0000c6 99c8      	SBIC 0x19,0
0000c7 c002      	RJMP _0x27
                 ; 0000 0058                 PORTB = 0x80;
0000c8 e8e0      	LDI  R30,LOW(128)
0000c9 c00b      	RJMP _0x3F
                 ; 0000 0059             else if(!PINA.1)
                 _0x27:
0000ca 99c9      	SBIC 0x19,1
0000cb c002      	RJMP _0x29
                 ; 0000 005A                 PORTB = 0x90;
0000cc e9e0      	LDI  R30,LOW(144)
0000cd c007      	RJMP _0x3F
                 ; 0000 005B             else if(!PINA.2)
                 _0x29:
0000ce 99ca      	SBIC 0x19,2
0000cf c002      	RJMP _0x2B
                 ; 0000 005C                 PORTB = 0x88;
0000d0 e8e8      	LDI  R30,LOW(136)
0000d1 c003      	RJMP _0x3F
                 ; 0000 005D             else if(!PINA.3)
                 _0x2B:
0000d2 99cb      	SBIC 0x19,3
0000d3 c002      	RJMP _0x2D
                 ; 0000 005E                 PORTB = 0x83;
0000d4 e8e3      	LDI  R30,LOW(131)
                 _0x3F:
0000d5 bbe8      	OUT  0x18,R30
                 ; 0000 005F             break;
                 _0x2D:
0000d6 c017      	RJMP _0x15
                 ; 0000 0060 
                 ; 0000 0061         case 7:
                 _0x26:
0000d7 30e7      	CPI  R30,LOW(0x7)
0000d8 e0a0      	LDI  R26,HIGH(0x7)
0000d9 07fa      	CPC  R31,R26
0000da f489      	BRNE _0x36
                 ; 0000 0062             if(!PINA.0)
0000db 99c8      	SBIC 0x19,0
0000dc c002      	RJMP _0x2F
                 ; 0000 0063                 PORTB = 0x9E;
0000dd e9ee      	LDI  R30,LOW(158)
0000de c00b      	RJMP _0x40
                 ; 0000 0064             else if(!PINA.1)
                 _0x2F:
0000df 99c9      	SBIC 0x19,1
0000e0 c002      	RJMP _0x31
                 ; 0000 0065                 PORTB = 0xA1;
0000e1 eae1      	LDI  R30,LOW(161)
0000e2 c007      	RJMP _0x40
                 ; 0000 0066             else if(!PINA.2)
                 _0x31:
0000e3 99ca      	SBIC 0x19,2
0000e4 c002      	RJMP _0x33
                 ; 0000 0067                 PORTB = 0x86;
0000e5 e8e6      	LDI  R30,LOW(134)
0000e6 c003      	RJMP _0x40
                 ; 0000 0068             else if(!PINA.3)
                 _0x33:
0000e7 99cb      	SBIC 0x19,3
0000e8 c002      	RJMP _0x35
                 ; 0000 0069                 PORTB = 0x8E;
0000e9 e8ee      	LDI  R30,LOW(142)
                 _0x40:
0000ea bbe8      	OUT  0x18,R30
                 ; 0000 006A             break;
                 _0x35:
0000eb c002      	RJMP _0x15
                 ; 0000 006B 
                 ; 0000 006C         default:
                 _0x36:
                 ; 0000 006D             PORTB = 0xFF;
0000ec efef      	LDI  R30,LOW(255)
0000ed bbe8      	OUT  0x18,R30
                 ; 0000 006E     }
                 _0x15:
                 ; 0000 006F }
0000ee c089      	RJMP _0x2040002
                 ; .FEND
                 ;
                 ;void clear_portb()
                 ; 0000 0072 {
                 _clear_portb:
                 ; .FSTART _clear_portb
                 ; 0000 0073     PORTB = 0xFF;
0000ef efef      	LDI  R30,LOW(255)
0000f0 bbe8      	OUT  0x18,R30
                 ; 0000 0074 }
0000f1 9508      	RET
                 ; .FEND
                 ;
                 ;// External Interrupt 0 service routine
                 ;interrupt [EXT_INT0] void ext_int0_isr(void)
                 ; 0000 0078 {
                 _ext_int0_isr:
                 ; .FSTART _ext_int0_isr
0000f2 940e 01f2 	CALL SUBOPT_0x1
                 ; 0000 0079     lcd_clear();
0000f4 d085      	RCALL _lcd_clear
                 ; 0000 007A     lcd_puts("start power down");
                +
0000f5 e6a0     +LDI R26 , LOW ( _0x37 + ( 0 ) )
0000f6 e0b2     +LDI R27 , HIGH ( _0x37 + ( 0 ) )
                 	__POINTW2MN _0x37,0
0000f7 d0a3      	RCALL _lcd_puts
                 ; 0000 007B     sleep_enable();
0000f8 940e 01da 	CALL _sleep_enable
                 ; 0000 007C     powerdown();
0000fa 940e 01e2 	CALL _powerdown
                 ; 0000 007D     lcd_clear();
0000fc d07d      	RCALL _lcd_clear
                 ; 0000 007E     lcd_puts("power down done!");
                +
0000fd e7a1     +LDI R26 , LOW ( _0x37 + ( 17 ) )
0000fe e0b2     +LDI R27 , HIGH ( _0x37 + ( 17 ) )
                 	__POINTW2MN _0x37,17
0000ff c007      	RJMP _0x41
                 ; 0000 007F }
                 ; .FEND
                 
                 	.DSEG
                 _0x37:
000260           	.BYTE 0x22
                 ;
                 ;// External Interrupt 1 service routine
                 ;interrupt [EXT_INT1] void ext_int1_isr(void)
                 ; 0000 0083 {
                 
                 	.CSEG
                 _ext_int1_isr:
                 ; .FSTART _ext_int1_isr
000100 940e 01f2 	CALL SUBOPT_0x1
                 ; 0000 0084     sleep_disable();
000102 940e 01de 	CALL _sleep_disable
                 ; 0000 0085     lcd_clear();
000104 d075      	RCALL _lcd_clear
                 ; 0000 0086     lcd_puts("start power on");
                +
000105 e8a2     +LDI R26 , LOW ( _0x38 + ( 0 ) )
000106 e0b2     +LDI R27 , HIGH ( _0x38 + ( 0 ) )
                 	__POINTW2MN _0x38,0
                 _0x41:
000107 d093      	RCALL _lcd_puts
                 ; 0000 0087 }
000108 91e9      	LD   R30,Y+
000109 bfef      	OUT  SREG,R30
00010a 91f9      	LD   R31,Y+
00010b 91e9      	LD   R30,Y+
00010c 91b9      	LD   R27,Y+
00010d 91a9      	LD   R26,Y+
00010e 9199      	LD   R25,Y+
00010f 9189      	LD   R24,Y+
000110 9179      	LD   R23,Y+
000111 9169      	LD   R22,Y+
000112 90f9      	LD   R15,Y+
000113 9019      	LD   R1,Y+
000114 9009      	LD   R0,Y+
000115 9518      	RETI
                 ; .FEND
                 
                 	.DSEG
                 _0x38:
000282           	.BYTE 0xF
                 ;
                 ;void main(void)
                 ; 0000 008A {
                 
                 	.CSEG
                 _main:
                 ; .FSTART _main
                 ; 0000 008B // Declare your local variables here
                 ; 0000 008C 
                 ; 0000 008D // Input/Output Ports initialization
                 ; 0000 008E // Port A initialization
                 ; 0000 008F // Function: Bit7=In Bit6=In Bit5=In Bit4=In Bit3=In Bit2=In Bit1=In Bit0=In
                 ; 0000 0090 DDRA=(1<<DDA7) | (1<<DDA6) | (1<<DDA5) | (1<<DDA4) | (0<<DDA3) | (0<<DDA2) | (0<<DDA1) | (0<<DDA0);
000116 efe0      	LDI  R30,LOW(240)
000117 bbea      	OUT  0x1A,R30
                 ; 0000 0091 // State: Bit7=P Bit6=P Bit5=P Bit4=P Bit3=1 Bit2=1 Bit1=1 Bit0=1
                 ; 0000 0092 PORTA=(1<<PORTA7) | (1<<PORTA6) | (1<<PORTA5) | (1<<PORTA4) | (1<<PORTA3) | (1<<PORTA2) | (1<<PORTA1) | (1<<PORTA0);
000118 efef      	LDI  R30,LOW(255)
000119 bbeb      	OUT  0x1B,R30
                 ; 0000 0093 
                 ; 0000 0094 // Port B initialization
                 ; 0000 0095 // Function: Bit7=In Bit6=In Bit5=In Bit4=In Bit3=In Bit2=In Bit1=In Bit0=In
                 ; 0000 0096 DDRB=(1<<DDB7) | (1<<DDB6) | (1<<DDB5) | (1<<DDB4) | (1<<DDB3) | (1<<DDB2) | (1<<DDB1) | (1<<DDB0);
00011a bbe7      	OUT  0x17,R30
                 ; 0000 0097 // State: Bit7=1 Bit6=1 Bit5=1 Bit4=1 Bit3=1 Bit2=1 Bit1=1 Bit0=1
                 ; 0000 0098 PORTB=(1<<PORTB7) | (1<<PORTB6) | (1<<PORTB5) | (1<<PORTB4) | (1<<PORTB3) | (1<<PORTB2) | (1<<PORTB1) | (1<<PORTB0);
00011b bbe8      	OUT  0x18,R30
                 ; 0000 0099 
                 ; 0000 009A // Port C initialization
                 ; 0000 009B // Function: Bit7=In Bit6=In Bit5=In Bit4=In Bit3=In Bit2=In Bit1=In Bit0=In
                 ; 0000 009C DDRC=(1<<DDC7) | (1<<DDC6) | (1<<DDC5) | (1<<DDC4) | (0<<DDC3) | (0<<DDC2) | (0<<DDC1) | (0<<DDC0);
00011c efe0      	LDI  R30,LOW(240)
00011d bbe4      	OUT  0x14,R30
                 ; 0000 009D // State: Bit7=0 Bit6=0 Bit5=0 Bit4=1 Bit3=T Bit2=T Bit1=T Bit0=T
                 ; 0000 009E PORTC=(0<<PORTC7) | (0<<PORTC6) | (0<<PORTC5) | (1<<PORTC4) | (0<<PORTC3) | (0<<PORTC2) | (0<<PORTC1) | (0<<PORTC0);
00011e e1e0      	LDI  R30,LOW(16)
00011f bbe5      	OUT  0x15,R30
                 ; 0000 009F 
                 ; 0000 00A0 // Port D initialization
                 ; 0000 00A1 // Function: Bit7=In Bit6=In Bit5=In Bit4=In Bit3=In Bit2=In Bit1=In Bit0=In
                 ; 0000 00A2 DDRD=(0<<DDD7) | (0<<DDD6) | (0<<DDD5) | (0<<DDD4) | (0<<DDD3) | (0<<DDD2) | (0<<DDD1) | (0<<DDD0);
000120 e0e0      	LDI  R30,LOW(0)
000121 bbe1      	OUT  0x11,R30
                 ; 0000 00A3 // State: Bit7=T Bit6=T Bit5=T Bit4=T Bit3=T Bit2=T Bit1=T Bit0=T
                 ; 0000 00A4 PORTD=(0<<PORTD7) | (0<<PORTD6) | (0<<PORTD5) | (0<<PORTD4) | (0<<PORTD3) | (0<<PORTD2) | (0<<PORTD1) | (0<<PORTD0);
000122 bbe2      	OUT  0x12,R30
                 ; 0000 00A5 
                 ; 0000 00A6 // Timer/Counter 0 initialization
                 ; 0000 00A7 // Clock source: System Clock
                 ; 0000 00A8 // Clock value: Timer 0 Stopped
                 ; 0000 00A9 // Mode: Normal top=0xFF
                 ; 0000 00AA // OC0 output: Disconnected
                 ; 0000 00AB TCCR0=(0<<WGM00) | (0<<COM01) | (0<<COM00) | (0<<WGM01) | (0<<CS02) | (0<<CS01) | (0<<CS00);
000123 bfe3      	OUT  0x33,R30
                 ; 0000 00AC TCNT0=0x00;
000124 bfe2      	OUT  0x32,R30
                 ; 0000 00AD OCR0=0x00;
000125 bfec      	OUT  0x3C,R30
                 ; 0000 00AE 
                 ; 0000 00AF // Timer/Counter 1 initialization
                 ; 0000 00B0 // Clock source: System Clock
                 ; 0000 00B1 // Clock value: Timer1 Stopped
                 ; 0000 00B2 // Mode: Normal top=0xFFFF
                 ; 0000 00B3 // OC1A output: Disconnected
                 ; 0000 00B4 // OC1B output: Disconnected
                 ; 0000 00B5 // Noise Canceler: Off
                 ; 0000 00B6 // Input Capture on Falling Edge
                 ; 0000 00B7 // Timer1 Overflow Interrupt: Off
                 ; 0000 00B8 // Input Capture Interrupt: Off
                 ; 0000 00B9 // Compare A Match Interrupt: Off
                 ; 0000 00BA // Compare B Match Interrupt: Off
                 ; 0000 00BB TCCR1A=(0<<COM1A1) | (0<<COM1A0) | (0<<COM1B1) | (0<<COM1B0) | (0<<WGM11) | (0<<WGM10);
000126 bdef      	OUT  0x2F,R30
                 ; 0000 00BC TCCR1B=(0<<ICNC1) | (0<<ICES1) | (0<<WGM13) | (0<<WGM12) | (0<<CS12) | (0<<CS11) | (0<<CS10);
000127 bdee      	OUT  0x2E,R30
                 ; 0000 00BD TCNT1H=0x00;
000128 bded      	OUT  0x2D,R30
                 ; 0000 00BE TCNT1L=0x00;
000129 bdec      	OUT  0x2C,R30
                 ; 0000 00BF ICR1H=0x00;
00012a bde7      	OUT  0x27,R30
                 ; 0000 00C0 ICR1L=0x00;
00012b bde6      	OUT  0x26,R30
                 ; 0000 00C1 OCR1AH=0x00;
00012c bdeb      	OUT  0x2B,R30
                 ; 0000 00C2 OCR1AL=0x00;
00012d bdea      	OUT  0x2A,R30
                 ; 0000 00C3 OCR1BH=0x00;
00012e bde9      	OUT  0x29,R30
                 ; 0000 00C4 OCR1BL=0x00;
00012f bde8      	OUT  0x28,R30
                 ; 0000 00C5 
                 ; 0000 00C6 // Timer/Counter 2 initialization
                 ; 0000 00C7 // Clock source: System Clock
                 ; 0000 00C8 // Clock value: Timer2 Stopped
                 ; 0000 00C9 // Mode: Normal top=0xFF
                 ; 0000 00CA // OC2 output: Disconnected
                 ; 0000 00CB ASSR=0<<AS2;
000130 bde2      	OUT  0x22,R30
                 ; 0000 00CC TCCR2=(0<<PWM2) | (0<<COM21) | (0<<COM20) | (0<<CTC2) | (0<<CS22) | (0<<CS21) | (0<<CS20);
000131 bde5      	OUT  0x25,R30
                 ; 0000 00CD TCNT2=0x00;
000132 bde4      	OUT  0x24,R30
                 ; 0000 00CE OCR2=0x00;
000133 bde3      	OUT  0x23,R30
                 ; 0000 00CF 
                 ; 0000 00D0 // Timer(s)/Counter(s) Interrupt(s) initialization
                 ; 0000 00D1 TIMSK=(0<<OCIE2) | (0<<TOIE2) | (0<<TICIE1) | (0<<OCIE1A) | (0<<OCIE1B) | (0<<TOIE1) | (0<<OCIE0) | (0<<TOIE0);
000134 bfe9      	OUT  0x39,R30
                 ; 0000 00D2 
                 ; 0000 00D3 // External Interrupt(s) initialization
                 ; 0000 00D4 // INT0: On
                 ; 0000 00D5 // INT0 Mode: Falling Edge
                 ; 0000 00D6 // INT1: On
                 ; 0000 00D7 // INT1 Mode: Falling Edge
                 ; 0000 00D8 // INT2: Off
                 ; 0000 00D9 GICR|=(1<<INT1) | (1<<INT0) | (0<<INT2);
000135 b7eb      	IN   R30,0x3B
000136 6ce0      	ORI  R30,LOW(0xC0)
000137 bfeb      	OUT  0x3B,R30
                 ; 0000 00DA MCUCR=(1<<ISC11) | (0<<ISC10) | (1<<ISC01) | (0<<ISC00);
000138 e0ea      	LDI  R30,LOW(10)
000139 bfe5      	OUT  0x35,R30
                 ; 0000 00DB MCUCSR=(0<<ISC2);
00013a e0e0      	LDI  R30,LOW(0)
00013b bfe4      	OUT  0x34,R30
                 ; 0000 00DC GIFR=(1<<INTF1) | (1<<INTF0) | (0<<INTF2);
00013c ece0      	LDI  R30,LOW(192)
00013d bfea      	OUT  0x3A,R30
                 ; 0000 00DD 
                 ; 0000 00DE // USART initialization
                 ; 0000 00DF // USART disabled
                 ; 0000 00E0 UCSRB=(0<<RXCIE) | (0<<TXCIE) | (0<<UDRIE) | (0<<RXEN) | (0<<TXEN) | (0<<UCSZ2) | (0<<RXB8) | (0<<TXB8);
00013e e0e0      	LDI  R30,LOW(0)
00013f b9ea      	OUT  0xA,R30
                 ; 0000 00E1 
                 ; 0000 00E2 // Analog Comparator initialization
                 ; 0000 00E3 // Analog Comparator: Off
                 ; 0000 00E4 // The Analog Comparator's positive input is
                 ; 0000 00E5 // connected to the AIN0 pin
                 ; 0000 00E6 // The Analog Comparator's negative input is
                 ; 0000 00E7 // connected to the AIN1 pin
                 ; 0000 00E8 ACSR=(1<<ACD) | (0<<ACBG) | (0<<ACO) | (0<<ACI) | (0<<ACIE) | (0<<ACIC) | (0<<ACIS1) | (0<<ACIS0);
000140 e8e0      	LDI  R30,LOW(128)
000141 b9e8      	OUT  0x8,R30
                 ; 0000 00E9 SFIOR=(0<<ACME);
000142 e0e0      	LDI  R30,LOW(0)
000143 bfe0      	OUT  0x30,R30
                 ; 0000 00EA 
                 ; 0000 00EB // ADC initialization
                 ; 0000 00EC // ADC disabled
                 ; 0000 00ED ADCSRA=(0<<ADEN) | (0<<ADSC) | (0<<ADATE) | (0<<ADIF) | (0<<ADIE) | (0<<ADPS2) | (0<<ADPS1) | (0<<ADPS0);
000144 b9e6      	OUT  0x6,R30
                 ; 0000 00EE 
                 ; 0000 00EF // SPI initialization
                 ; 0000 00F0 // SPI disabled
                 ; 0000 00F1 SPCR=(0<<SPIE) | (0<<SPE) | (0<<DORD) | (0<<MSTR) | (0<<CPOL) | (0<<CPHA) | (0<<SPR1) | (0<<SPR0);
000145 b9ed      	OUT  0xD,R30
                 ; 0000 00F2 
                 ; 0000 00F3 // TWI initialization
                 ; 0000 00F4 // TWI disabled
                 ; 0000 00F5 TWCR=(0<<TWEA) | (0<<TWSTA) | (0<<TWSTO) | (0<<TWEN) | (0<<TWIE);
000146 bfe6      	OUT  0x36,R30
                 ; 0000 00F6 
                 ; 0000 00F7 // Alphanumeric LCD initialization
                 ; 0000 00F8 // Connections are specified in the
                 ; 0000 00F9 // Project|Configure|C Compiler|Libraries|Alphanumeric LCD menu:
                 ; 0000 00FA // RS - PORTC Bit 3
                 ; 0000 00FB // RD - PORTD Bit 7
                 ; 0000 00FC // EN - PORTD Bit 6
                 ; 0000 00FD // D4 - PORTB Bit 4
                 ; 0000 00FE // D5 - PORTB Bit 5
                 ; 0000 00FF // D6 - PORTB Bit 6
                 ; 0000 0100 // D7 - PORTB Bit 7
                 ; 0000 0101 // Characters/line: 16
                 ; 0000 0102 lcd_init(16);
000147 e1a0      	LDI  R26,LOW(16)
000148 d063      	RCALL _lcd_init
                 ; 0000 0103 
                 ; 0000 0104 // Global enable interrupts
                 ; 0000 0105 #asm("sei")
000149 9478      	sei
                 ; 0000 0106 
                 ; 0000 0107 while (1)
                 _0x39:
                 ; 0000 0108       {
                 ; 0000 0109       // Place your code here
                 ; 0000 010A       key_find();
00014a df33      	RCALL _key_find
                 ; 0000 010B       }
00014b cffe      	RJMP _0x39
                 ; 0000 010C }
                 _0x3C:
00014c cfff      	RJMP _0x3C
                 ; .FEND
                 	#ifndef __SLEEP_DEFINED__
                 	#endif
                 
                 	.DSEG
                 
                 	.CSEG
                 __lcd_write_nibble_G100:
                 ; .FSTART __lcd_write_nibble_G100
00014d 93aa      	ST   -Y,R26
00014e b3e8      	IN   R30,0x18
00014f 70ef      	ANDI R30,LOW(0xF)
000150 2fae      	MOV  R26,R30
000151 81e8      	LD   R30,Y
000152 7fe0      	ANDI R30,LOW(0xF0)
000153 2bea      	OR   R30,R26
000154 bbe8      	OUT  0x18,R30
                +
000155 e08d     +LDI R24 , LOW ( 13 )
                +__DELAY_USB_LOOP :
000156 958a     +DEC R24
000157 f7f1     +BRNE __DELAY_USB_LOOP
                 	__DELAY_USB 13
000158 9a96      	SBI  0x12,6
                +
000159 e08d     +LDI R24 , LOW ( 13 )
                +__DELAY_USB_LOOP :
00015a 958a     +DEC R24
00015b f7f1     +BRNE __DELAY_USB_LOOP
                 	__DELAY_USB 13
00015c 9896      	CBI  0x12,6
                +
00015d e08d     +LDI R24 , LOW ( 13 )
                +__DELAY_USB_LOOP :
00015e 958a     +DEC R24
00015f f7f1     +BRNE __DELAY_USB_LOOP
                 	__DELAY_USB 13
000160 c077      	RJMP _0x2040001
                 ; .FEND
                 __lcd_write_data:
                 ; .FSTART __lcd_write_data
000161 93aa      	ST   -Y,R26
000162 81a8      	LD   R26,Y
000163 dfe9      	RCALL __lcd_write_nibble_G100
000164 81e8          ld    r30,y
000165 95e2          swap  r30
000166 83e8          st    y,r30
000167 81a8      	LD   R26,Y
000168 dfe4      	RCALL __lcd_write_nibble_G100
                +
000169 e885     +LDI R24 , LOW ( 133 )
                +__DELAY_USB_LOOP :
00016a 958a     +DEC R24
00016b f7f1     +BRNE __DELAY_USB_LOOP
                 	__DELAY_USB 133
00016c c06b      	RJMP _0x2040001
                 ; .FEND
                 _lcd_gotoxy:
                 ; .FSTART _lcd_gotoxy
00016d 93aa      	ST   -Y,R26
00016e 81e8      	LD   R30,Y
00016f e0f0      	LDI  R31,0
000170 56ef      	SUBI R30,LOW(-__base_y_G100)
000171 4ffd      	SBCI R31,HIGH(-__base_y_G100)
000172 81e0      	LD   R30,Z
000173 81a9      	LDD  R26,Y+1
000174 0fae      	ADD  R26,R30
000175 dfeb      	RCALL __lcd_write_data
000176 8059      	LDD  R5,Y+1
000177 8048      	LDD  R4,Y+0
                 _0x2040002:
000178 9622      	ADIW R28,2
000179 9508      	RET
                 ; .FEND
                 _lcd_clear:
                 ; .FSTART _lcd_clear
00017a e0a2      	LDI  R26,LOW(2)
00017b 940e 0200 	CALL SUBOPT_0x2
00017d e0ac      	LDI  R26,LOW(12)
00017e dfe2      	RCALL __lcd_write_data
00017f e0a1      	LDI  R26,LOW(1)
000180 940e 0200 	CALL SUBOPT_0x2
000182 e0e0      	LDI  R30,LOW(0)
000183 2e4e      	MOV  R4,R30
000184 2e5e      	MOV  R5,R30
000185 9508      	RET
                 ; .FEND
                 _lcd_putchar:
                 ; .FSTART _lcd_putchar
000186 93aa      	ST   -Y,R26
000187 81a8      	LD   R26,Y
000188 30aa      	CPI  R26,LOW(0xA)
000189 f011      	BREQ _0x2000005
00018a 1457      	CP   R5,R7
00018b f048      	BRLO _0x2000004
                 _0x2000005:
00018c e0e0      	LDI  R30,LOW(0)
00018d 93ea      	ST   -Y,R30
00018e 9443      	INC  R4
00018f 2da4      	MOV  R26,R4
000190 dfdc      	RCALL _lcd_gotoxy
000191 81a8      	LD   R26,Y
000192 30aa      	CPI  R26,LOW(0xA)
000193 f409      	BRNE _0x2000007
000194 c043      	RJMP _0x2040001
                 _0x2000007:
                 _0x2000004:
000195 9453      	INC  R5
000196 9aab      	SBI  0x15,3
000197 81a8      	LD   R26,Y
000198 dfc8      	RCALL __lcd_write_data
000199 98ab      	CBI  0x15,3
00019a c03d      	RJMP _0x2040001
                 ; .FEND
                 _lcd_puts:
                 ; .FSTART _lcd_puts
00019b 93ba      	ST   -Y,R27
00019c 93aa      	ST   -Y,R26
00019d 931a      	ST   -Y,R17
                 _0x2000008:
00019e 81a9      	LDD  R26,Y+1
00019f 81ba      	LDD  R27,Y+1+1
0001a0 91ed      	LD   R30,X+
0001a1 83a9      	STD  Y+1,R26
0001a2 83ba      	STD  Y+1+1,R27
0001a3 2f1e      	MOV  R17,R30
0001a4 30e0      	CPI  R30,0
0001a5 f019      	BREQ _0x200000A
0001a6 2fa1      	MOV  R26,R17
0001a7 dfde      	RCALL _lcd_putchar
0001a8 cff5      	RJMP _0x2000008
                 _0x200000A:
0001a9 8118      	LDD  R17,Y+0
0001aa 9623      	ADIW R28,3
0001ab 9508      	RET
                 ; .FEND
                 _lcd_init:
                 ; .FSTART _lcd_init
0001ac 93aa      	ST   -Y,R26
0001ad b3e7      	IN   R30,0x17
0001ae 6fe0      	ORI  R30,LOW(0xF0)
0001af bbe7      	OUT  0x17,R30
0001b0 9a8e      	SBI  0x11,6
0001b1 9aa3      	SBI  0x14,3
0001b2 9a8f      	SBI  0x11,7
0001b3 9896      	CBI  0x12,6
0001b4 98ab      	CBI  0x15,3
0001b5 9897      	CBI  0x12,7
0001b6 8078      	LDD  R7,Y+0
0001b7 81e8      	LD   R30,Y
0001b8 58e0      	SUBI R30,-LOW(128)
                +
0001b9 93e0 0293+STS __base_y_G100 + ( 2 ) , R30
                 	__PUTB1MN __base_y_G100,2
0001bb 81e8      	LD   R30,Y
0001bc 54e0      	SUBI R30,-LOW(192)
                +
0001bd 93e0 0294+STS __base_y_G100 + ( 3 ) , R30
                 	__PUTB1MN __base_y_G100,3
0001bf e1a4      	LDI  R26,LOW(20)
0001c0 e0b0      	LDI  R27,0
0001c1 940e 020e 	CALL _delay_ms
0001c3 940e 0206 	CALL SUBOPT_0x3
0001c5 940e 0206 	CALL SUBOPT_0x3
0001c7 940e 0206 	CALL SUBOPT_0x3
0001c9 e2a0      	LDI  R26,LOW(32)
0001ca df82      	RCALL __lcd_write_nibble_G100
                +
0001cb ec88     +LDI R24 , LOW ( 200 )
0001cc e090     +LDI R25 , HIGH ( 200 )
                +__DELAY_USW_LOOP :
0001cd 9701     +SBIW R24 , 1
0001ce f7f1     +BRNE __DELAY_USW_LOOP
                 	__DELAY_USW 200
0001cf e2a8      	LDI  R26,LOW(40)
0001d0 df90      	RCALL __lcd_write_data
0001d1 e0a4      	LDI  R26,LOW(4)
0001d2 df8e      	RCALL __lcd_write_data
0001d3 e8a5      	LDI  R26,LOW(133)
0001d4 df8c      	RCALL __lcd_write_data
0001d5 e0a6      	LDI  R26,LOW(6)
0001d6 df8a      	RCALL __lcd_write_data
0001d7 dfa2      	RCALL _lcd_clear
                 _0x2040001:
0001d8 9621      	ADIW R28,1
0001d9 9508      	RET
                 ; .FEND
                 	#ifndef __SLEEP_DEFINED__
                 	#endif
                 
                 	.CSEG
                 _sleep_enable:
                 ; .FSTART _sleep_enable
0001da b7e5         in   r30,power_ctrl_reg
0001db 68e0         sbr  r30,__se_bit
0001dc bfe5         out  power_ctrl_reg,r30
0001dd 9508      	RET
                 ; .FEND
                 _sleep_disable:
                 ; .FSTART _sleep_disable
0001de b7e5         in   r30,power_ctrl_reg
0001df 77ef         cbr  r30,__se_bit
0001e0 bfe5         out  power_ctrl_reg,r30
0001e1 9508      	RET
                 ; .FEND
                 _powerdown:
                 ; .FSTART _powerdown
0001e2 b7e5         in   r30,power_ctrl_reg
0001e3 78ef         cbr  r30,__sm_mask
0001e4 62e0         sbr  r30,__sm_powerdown
0001e5 bfe5         out  power_ctrl_reg,r30
0001e6 b7ef         in   r30,sreg
0001e7 9478         sei
0001e8 9588         sleep
0001e9 bfef         out  sreg,r30
0001ea 9508      	RET
                 ; .FEND
                 
                 	.DSEG
                 __base_y_G100:
000291           	.BYTE 0x4
                 
                 	.CSEG
                 ;OPTIMIZER ADDED SUBROUTINE, CALLED 4 TIMES, CODE SIZE REDUCTION:12 WORDS
                 SUBOPT_0x0:
0001eb e0b0      	LDI  R27,0
0001ec 940e 0094 	CALL _key_find_print
0001ee e0a5      	LDI  R26,LOW(5)
0001ef e0b0      	LDI  R27,0
0001f0 940c 020e 	JMP  _delay_ms
                 
                 ;OPTIMIZER ADDED SUBROUTINE, CALLED 2 TIMES, CODE SIZE REDUCTION:8 WORDS
                 SUBOPT_0x1:
0001f2 920a      	ST   -Y,R0
0001f3 921a      	ST   -Y,R1
0001f4 92fa      	ST   -Y,R15
0001f5 936a      	ST   -Y,R22
0001f6 937a      	ST   -Y,R23
0001f7 938a      	ST   -Y,R24
0001f8 939a      	ST   -Y,R25
0001f9 93aa      	ST   -Y,R26
0001fa 93ba      	ST   -Y,R27
0001fb 93ea      	ST   -Y,R30
0001fc 93fa      	ST   -Y,R31
0001fd b7ef      	IN   R30,SREG
0001fe 93ea      	ST   -Y,R30
0001ff 9508      	RET
                 
                 ;OPTIMIZER ADDED SUBROUTINE, CALLED 2 TIMES, CODE SIZE REDUCTION:1 WORDS
                 SUBOPT_0x2:
000200 940e 0161 	CALL __lcd_write_data
000202 e0a3      	LDI  R26,LOW(3)
000203 e0b0      	LDI  R27,0
000204 940c 020e 	JMP  _delay_ms
                 
                 ;OPTIMIZER ADDED SUBROUTINE, CALLED 3 TIMES, CODE SIZE REDUCTION:7 WORDS
                 SUBOPT_0x3:
000206 e3a0      	LDI  R26,LOW(48)
000207 940e 014d 	CALL __lcd_write_nibble_G100
                +
000209 ec88     +LDI R24 , LOW ( 200 )
00020a e090     +LDI R25 , HIGH ( 200 )
                +__DELAY_USW_LOOP :
00020b 9701     +SBIW R24 , 1
00020c f7f1     +BRNE __DELAY_USW_LOOP
                 	__DELAY_USW 200
00020d 9508      	RET
                 
                 
                 	.CSEG
                 _delay_ms:
00020e 9610      	adiw r26,0
00020f f039      	breq __delay_ms1
                 __delay_ms0:
                +
000210 ed80     +LDI R24 , LOW ( 0x7D0 )
000211 e097     +LDI R25 , HIGH ( 0x7D0 )
                +__DELAY_USW_LOOP :
000212 9701     +SBIW R24 , 1
000213 f7f1     +BRNE __DELAY_USW_LOOP
                 	__DELAY_USW 0x7D0
000214 95a8      	wdr
000215 9711      	sbiw r26,1
000216 f7c9      	brne __delay_ms0
                 __delay_ms1:
000217 9508      	ret
                 
                 ;END OF CODE MARKER
                 __END_OF_CODE:


RESOURCE USE INFORMATION
------------------------

Notice:
The register and instruction counts are symbol table hit counts,
and hence implicitly used resources are not counted, eg, the
'lpm' instruction without operands implicitly uses r0 and z,
none of which are counted.

x,y,z are separate entities in the symbol table and are
counted separately from r26..r31 here.

.dseg memory usage only counts static data declared with .byte

ATmega32 register use summary:
r0 :   6 r1 :   3 r2 :   0 r3 :   0 r4 :   4 r5 :   4 r6 :   0 r7 :   2 
r8 :   0 r9 :   0 r10:   0 r11:   0 r12:   0 r13:   0 r14:   0 r15:   2 
r16:   0 r17:   4 r18:   0 r19:   0 r20:   0 r21:   0 r22:   4 r23:   2 
r24:  23 r25:   7 r26:  57 r27:  15 r28:   4 r29:   1 r30: 141 r31:  12 
x  :   4 y  :  57 z  :   8 
Registers used: 20 out of 35 (57.1%)

ATmega32 instruction use summary:
.lds  :   0 .lds.l:   0 .sts  :   0 .sts.l:   0 adc   :   0 add   :   1 
adiw  :   4 and   :   0 andi  :   2 asr   :   0 bclr  :   0 bld   :   0 
brbc  :   0 brbs  :   0 brcc  :   0 brcs  :   0 break :   0 breq  :   4 
brge  :   0 brhc  :   0 brhs  :   0 brid  :   0 brie  :   0 brlo  :   1 
brlt  :   0 brmi  :   0 brne  :  16 brpl  :   0 brsh  :   0 brtc  :   0 
brts  :   0 brvc  :   0 brvs  :   0 bset  :   0 bst   :   0 call  :  18 
cbi   :   9 cbr   :   2 clc   :   0 clh   :   0 cli   :   1 cln   :   0 
clr   :   2 cls   :   0 clt   :   0 clv   :   0 clz   :   0 com   :   0 
cp    :   1 cpc   :   4 cpi   :   7 cpse  :   0 dec   :   5 des   :   0 
eor   :   0 fmul  :   0 fmuls :   0 fmulsu:   0 icall :   0 ijmp  :   0 
in    :   8 inc   :   2 jmp   :  24 ld    :  25 ldd   :   8 ldi   :  85 
lds   :   0 lpm   :   7 lsl   :   0 lsr   :   0 mov   :   6 movw  :   3 
mul   :   0 muls  :   0 mulsu :   0 neg   :   0 nop   :   0 or    :   1 
ori   :   2 out   :  55 pop   :   0 push  :   0 rcall :  21 ret   :  12 
reti  :   1 rjmp  :  42 rol   :   0 ror   :   0 sbc   :   0 sbci  :   1 
sbi   :   9 sbic  :  16 sbis  :   0 sbiw  :   7 sbr   :   2 sbrc  :   0 
sbrs  :   0 sec   :   0 seh   :   0 sei   :   2 sen   :   0 ser   :   0 
ses   :   0 set   :   0 sev   :   0 sez   :   0 sleep :   1 spm   :   0 
st    :  27 std   :   2 sts   :   2 sub   :   0 subi  :   3 swap  :   1 
tst   :   0 wdr   :   1 
Instructions used: 44 out of 116 (37.9%)

ATmega32 memory use summary [bytes]:
Segment   Begin    End      Code   Data   Used    Size   Use%
---------------------------------------------------------------
[.cseg] 0x000000 0x000430    994     78   1072   32768   3.3%
[.dseg] 0x000060 0x000295      0     53     53    2048   2.6%
[.eseg] 0x000000 0x000000      0      0      0    1024   0.0%

Assembly complete, 0 errors, 4 warnings
